<?xml version="1.0" encoding="UTF-8"?>
<!-- Generated by org.testng.reporters.JUnitXMLReporter -->
<testsuite ignored="0" hostname="zoint-Latitude-E6420" failures="1" tests="9" name="Default test" time="20.301" errors="0" timestamp="2021-03-29T00:39:39 CEST">
  <testcase classname="com.tudresden.seleniumwebdriver.seleniumsamples.TestLocator" name="byXPathLocatorExample" time="1.186"/>
  <testcase classname="com.tudresden.seleniumwebdriver.seleniumsamples.TestLocator" name="getClasNameLocatorExample" time="0.801"/>
  <testcase classname="com.tudresden.seleniumwebdriver.seleniumsamples.TestLocator" name="getCssSelectorLocatorExample" time="0.813"/>
  <testcase classname="com.tudresden.seleniumwebdriver.seleniumsamples.TestLocator" name="getIdLocatorExample" time="0.848"/>
  <testcase classname="com.tudresden.seleniumwebdriver.seleniumsamples.TestLocator" name="getLinkTextLocatorExample" time="1.148"/>
  <testcase classname="com.tudresden.seleniumwebdriver.seleniumsamples.TestLocator" name="getPartialLinkTextLocator" time="0.617"/>
  <testcase classname="com.tudresden.seleniumwebdriver.seleniumsamples.TestLocator" name="getTagNameLocatorExample" time="2.291"/>
  <testcase classname="com.tudresden.seleniumwebdriver.seleniumsamples.TestLocator" name="searchProduct" time="0.713"/>
  <testcase classname="com.tudresden.seleniumwebdriver.seleniumsamples.TestLocator" name="testUrlNavigation" time="3.332">
    <failure type="java.lang.AssertionError" message="expected:&amp;lt;Sözcü Gazetesi - Türkiye&amp;apos;nin tek gerçek gazete ve son dakika haber sitesi&amp;gt; but was:&amp;lt;Sözcü Gazetesi&amp;gt;">
      <![CDATA[java.lang.AssertionError: expected:<Sözcü Gazetesi - Türkiye'nin tek gerçek gazete ve son dakika haber sitesi> but was:<Sözcü Gazetesi>
at org.testng.AssertJUnit.assertEquals(AssertJUnit.java:115)
at org.testng.AssertJUnit.assertEquals(AssertJUnit.java:125)
at com.tudresden.seleniumwebdriver.seleniumsamples.TestLocator.testUrlNavigation(TestLocator.java:139)
at java.base/jdk.internal.reflect.NativeMethodAccessorImpl.invoke0(Native Method)
at java.base/jdk.internal.reflect.NativeMethodAccessorImpl.invoke(NativeMethodAccessorImpl.java:64)
at java.base/jdk.internal.reflect.DelegatingMethodAccessorImpl.invoke(DelegatingMethodAccessorImpl.java:43)
at java.base/java.lang.reflect.Method.invoke(Method.java:564)
at org.testng.internal.MethodInvocationHelper.invokeMethod(MethodInvocationHelper.java:132)
at org.testng.internal.TestInvoker.invokeMethod(TestInvoker.java:599)
at org.testng.internal.TestInvoker.invokeTestMethod(TestInvoker.java:174)
at org.testng.internal.MethodRunner.runInSequence(MethodRunner.java:46)
at org.testng.internal.TestInvoker$MethodInvocationAgent.invoke(TestInvoker.java:822)
at org.testng.internal.TestInvoker.invokeTestMethods(TestInvoker.java:147)
at org.testng.internal.TestMethodWorker.invokeTestMethods(TestMethodWorker.java:146)
at org.testng.internal.TestMethodWorker.run(TestMethodWorker.java:128)
at java.base/java.util.ArrayList.forEach(ArrayList.java:1511)
at org.testng.TestRunner.privateRun(TestRunner.java:764)
at org.testng.TestRunner.run(TestRunner.java:585)
at org.testng.SuiteRunner.runTest(SuiteRunner.java:384)
at org.testng.SuiteRunner.runSequentially(SuiteRunner.java:378)
at org.testng.SuiteRunner.privateRun(SuiteRunner.java:337)
at org.testng.SuiteRunner.run(SuiteRunner.java:286)
at org.testng.SuiteRunnerWorker.runSuite(SuiteRunnerWorker.java:53)
at org.testng.SuiteRunnerWorker.run(SuiteRunnerWorker.java:96)
at org.testng.TestNG.runSuitesSequentially(TestNG.java:1218)
at org.testng.TestNG.runSuitesLocally(TestNG.java:1140)
at org.testng.TestNG.runSuites(TestNG.java:1069)
at org.testng.TestNG.run(TestNG.java:1037)
at org.testng.remote.AbstractRemoteTestNG.run(AbstractRemoteTestNG.java:115)
at org.testng.remote.RemoteTestNG.initAndRun(RemoteTestNG.java:251)
at org.testng.remote.RemoteTestNG.main(RemoteTestNG.java:77)
]]>
    </failure>
  </testcase> <!-- testUrlNavigation -->
</testsuite> <!-- Default test -->
