<?xml version="1.0" encoding="UTF-8"?>
<testng-results ignored="0" total="9" passed="8" failed="1" skipped="0">
  <reporter-output>
  </reporter-output>
  <suite started-at="2021-03-29T00:39:18 CEST" name="Default suite" finished-at="2021-03-29T00:39:39 CEST" duration-ms="20301">
    <groups>
    </groups>
    <test started-at="2021-03-29T00:39:18 CEST" name="Default test" finished-at="2021-03-29T00:39:39 CEST" duration-ms="20301">
      <class name="com.tudresden.seleniumwebdriver.seleniumsamples.TestLocator">
        <test-method is-config="true" signature="setup()[pri:0, instance:com.tudresden.seleniumwebdriver.seleniumsamples.TestLocator@7fc2413d]" started-at="2021-03-29T00:39:18 CEST" name="setup" finished-at="2021-03-29T00:39:20 CEST" duration-ms="1277" status="PASS">
          <reporter-output>
          </reporter-output>
        </test-method> <!-- setup -->
        <test-method is-config="true" signature="navigate()[pri:0, instance:com.tudresden.seleniumwebdriver.seleniumsamples.TestLocator@7fc2413d]" started-at="2021-03-29T00:39:20 CEST" name="navigate" finished-at="2021-03-29T00:39:23 CEST" duration-ms="3001" status="PASS">
          <reporter-output>
          </reporter-output>
        </test-method> <!-- navigate -->
        <test-method signature="byXPathLocatorExample()[pri:0, instance:com.tudresden.seleniumwebdriver.seleniumsamples.TestLocator@7fc2413d]" started-at="2021-03-29T00:39:23 CEST" name="byXPathLocatorExample" finished-at="2021-03-29T00:39:24 CEST" duration-ms="1186" status="PASS">
          <reporter-output>
          </reporter-output>
        </test-method> <!-- byXPathLocatorExample -->
        <test-method is-config="true" signature="navigate()[pri:0, instance:com.tudresden.seleniumwebdriver.seleniumsamples.TestLocator@7fc2413d]" started-at="2021-03-29T00:39:24 CEST" name="navigate" finished-at="2021-03-29T00:39:24 CEST" duration-ms="508" status="PASS">
          <reporter-output>
          </reporter-output>
        </test-method> <!-- navigate -->
        <test-method signature="getClasNameLocatorExample()[pri:0, instance:com.tudresden.seleniumwebdriver.seleniumsamples.TestLocator@7fc2413d]" started-at="2021-03-29T00:39:24 CEST" name="getClasNameLocatorExample" finished-at="2021-03-29T00:39:25 CEST" duration-ms="801" status="PASS">
          <reporter-output>
          </reporter-output>
        </test-method> <!-- getClasNameLocatorExample -->
        <test-method is-config="true" signature="navigate()[pri:0, instance:com.tudresden.seleniumwebdriver.seleniumsamples.TestLocator@7fc2413d]" started-at="2021-03-29T00:39:25 CEST" name="navigate" finished-at="2021-03-29T00:39:26 CEST" duration-ms="540" status="PASS">
          <reporter-output>
          </reporter-output>
        </test-method> <!-- navigate -->
        <test-method signature="getCssSelectorLocatorExample()[pri:0, instance:com.tudresden.seleniumwebdriver.seleniumsamples.TestLocator@7fc2413d]" started-at="2021-03-29T00:39:26 CEST" name="getCssSelectorLocatorExample" finished-at="2021-03-29T00:39:26 CEST" duration-ms="813" status="PASS">
          <reporter-output>
          </reporter-output>
        </test-method> <!-- getCssSelectorLocatorExample -->
        <test-method is-config="true" signature="navigate()[pri:0, instance:com.tudresden.seleniumwebdriver.seleniumsamples.TestLocator@7fc2413d]" started-at="2021-03-29T00:39:26 CEST" name="navigate" finished-at="2021-03-29T00:39:27 CEST" duration-ms="547" status="PASS">
          <reporter-output>
          </reporter-output>
        </test-method> <!-- navigate -->
        <test-method signature="getIdLocatorExample()[pri:0, instance:com.tudresden.seleniumwebdriver.seleniumsamples.TestLocator@7fc2413d]" started-at="2021-03-29T00:39:27 CEST" name="getIdLocatorExample" finished-at="2021-03-29T00:39:28 CEST" duration-ms="848" status="PASS">
          <reporter-output>
          </reporter-output>
        </test-method> <!-- getIdLocatorExample -->
        <test-method is-config="true" signature="navigate()[pri:0, instance:com.tudresden.seleniumwebdriver.seleniumsamples.TestLocator@7fc2413d]" started-at="2021-03-29T00:39:28 CEST" name="navigate" finished-at="2021-03-29T00:39:28 CEST" duration-ms="516" status="PASS">
          <reporter-output>
          </reporter-output>
        </test-method> <!-- navigate -->
        <test-method signature="getLinkTextLocatorExample()[pri:0, instance:com.tudresden.seleniumwebdriver.seleniumsamples.TestLocator@7fc2413d]" started-at="2021-03-29T00:39:28 CEST" name="getLinkTextLocatorExample" finished-at="2021-03-29T00:39:30 CEST" duration-ms="1148" status="PASS">
          <reporter-output>
          </reporter-output>
        </test-method> <!-- getLinkTextLocatorExample -->
        <test-method is-config="true" signature="navigate()[pri:0, instance:com.tudresden.seleniumwebdriver.seleniumsamples.TestLocator@7fc2413d]" started-at="2021-03-29T00:39:30 CEST" name="navigate" finished-at="2021-03-29T00:39:30 CEST" duration-ms="534" status="PASS">
          <reporter-output>
          </reporter-output>
        </test-method> <!-- navigate -->
        <test-method signature="getPartialLinkTextLocator()[pri:0, instance:com.tudresden.seleniumwebdriver.seleniumsamples.TestLocator@7fc2413d]" started-at="2021-03-29T00:39:30 CEST" name="getPartialLinkTextLocator" finished-at="2021-03-29T00:39:31 CEST" duration-ms="617" status="PASS">
          <reporter-output>
          </reporter-output>
        </test-method> <!-- getPartialLinkTextLocator -->
        <test-method is-config="true" signature="navigate()[pri:0, instance:com.tudresden.seleniumwebdriver.seleniumsamples.TestLocator@7fc2413d]" started-at="2021-03-29T00:39:31 CEST" name="navigate" finished-at="2021-03-29T00:39:31 CEST" duration-ms="484" status="PASS">
          <reporter-output>
          </reporter-output>
        </test-method> <!-- navigate -->
        <test-method signature="getTagNameLocatorExample()[pri:0, instance:com.tudresden.seleniumwebdriver.seleniumsamples.TestLocator@7fc2413d]" started-at="2021-03-29T00:39:31 CEST" name="getTagNameLocatorExample" finished-at="2021-03-29T00:39:33 CEST" duration-ms="2291" status="PASS">
          <reporter-output>
          </reporter-output>
        </test-method> <!-- getTagNameLocatorExample -->
        <test-method is-config="true" signature="navigate()[pri:0, instance:com.tudresden.seleniumwebdriver.seleniumsamples.TestLocator@7fc2413d]" started-at="2021-03-29T00:39:33 CEST" name="navigate" finished-at="2021-03-29T00:39:34 CEST" duration-ms="490" status="PASS">
          <reporter-output>
          </reporter-output>
        </test-method> <!-- navigate -->
        <test-method signature="searchProduct()[pri:0, instance:com.tudresden.seleniumwebdriver.seleniumsamples.TestLocator@7fc2413d]" started-at="2021-03-29T00:39:34 CEST" name="searchProduct" finished-at="2021-03-29T00:39:35 CEST" duration-ms="713" status="PASS">
          <reporter-output>
          </reporter-output>
        </test-method> <!-- searchProduct -->
        <test-method is-config="true" signature="navigate()[pri:0, instance:com.tudresden.seleniumwebdriver.seleniumsamples.TestLocator@7fc2413d]" started-at="2021-03-29T00:39:35 CEST" name="navigate" finished-at="2021-03-29T00:39:35 CEST" duration-ms="506" status="PASS">
          <reporter-output>
          </reporter-output>
        </test-method> <!-- navigate -->
        <test-method signature="testUrlNavigation()[pri:0, instance:com.tudresden.seleniumwebdriver.seleniumsamples.TestLocator@7fc2413d]" started-at="2021-03-29T00:39:35 CEST" name="testUrlNavigation" finished-at="2021-03-29T00:39:38 CEST" duration-ms="3332" status="FAIL">
          <exception class="java.lang.AssertionError">
            <message>
              <![CDATA[expected:<Sözcü Gazetesi - Türkiye'nin tek gerçek gazete ve son dakika haber sitesi> but was:<Sözcü Gazetesi>]]>
            </message>
            <full-stacktrace>
              <![CDATA[java.lang.AssertionError: expected:<Sözcü Gazetesi - Türkiye'nin tek gerçek gazete ve son dakika haber sitesi> but was:<Sözcü Gazetesi>
at org.testng.AssertJUnit.assertEquals(AssertJUnit.java:115)
at org.testng.AssertJUnit.assertEquals(AssertJUnit.java:125)
at com.tudresden.seleniumwebdriver.seleniumsamples.TestLocator.testUrlNavigation(TestLocator.java:139)
at java.base/jdk.internal.reflect.NativeMethodAccessorImpl.invoke0(Native Method)
at java.base/jdk.internal.reflect.NativeMethodAccessorImpl.invoke(NativeMethodAccessorImpl.java:64)
at java.base/jdk.internal.reflect.DelegatingMethodAccessorImpl.invoke(DelegatingMethodAccessorImpl.java:43)
at java.base/java.lang.reflect.Method.invoke(Method.java:564)
at org.testng.internal.MethodInvocationHelper.invokeMethod(MethodInvocationHelper.java:132)
at org.testng.internal.TestInvoker.invokeMethod(TestInvoker.java:599)
at org.testng.internal.TestInvoker.invokeTestMethod(TestInvoker.java:174)
at org.testng.internal.MethodRunner.runInSequence(MethodRunner.java:46)
at org.testng.internal.TestInvoker$MethodInvocationAgent.invoke(TestInvoker.java:822)
at org.testng.internal.TestInvoker.invokeTestMethods(TestInvoker.java:147)
at org.testng.internal.TestMethodWorker.invokeTestMethods(TestMethodWorker.java:146)
at org.testng.internal.TestMethodWorker.run(TestMethodWorker.java:128)
at java.base/java.util.ArrayList.forEach(ArrayList.java:1511)
at org.testng.TestRunner.privateRun(TestRunner.java:764)
at org.testng.TestRunner.run(TestRunner.java:585)
at org.testng.SuiteRunner.runTest(SuiteRunner.java:384)
at org.testng.SuiteRunner.runSequentially(SuiteRunner.java:378)
at org.testng.SuiteRunner.privateRun(SuiteRunner.java:337)
at org.testng.SuiteRunner.run(SuiteRunner.java:286)
at org.testng.SuiteRunnerWorker.runSuite(SuiteRunnerWorker.java:53)
at org.testng.SuiteRunnerWorker.run(SuiteRunnerWorker.java:96)
at org.testng.TestNG.runSuitesSequentially(TestNG.java:1218)
at org.testng.TestNG.runSuitesLocally(TestNG.java:1140)
at org.testng.TestNG.runSuites(TestNG.java:1069)
at org.testng.TestNG.run(TestNG.java:1037)
at org.testng.remote.AbstractRemoteTestNG.run(AbstractRemoteTestNG.java:115)
at org.testng.remote.RemoteTestNG.initAndRun(RemoteTestNG.java:251)
at org.testng.remote.RemoteTestNG.main(RemoteTestNG.java:77)
]]>
            </full-stacktrace>
          </exception> <!-- java.lang.AssertionError -->
          <reporter-output>
          </reporter-output>
        </test-method> <!-- testUrlNavigation -->
        <test-method is-config="true" signature="tearDown()[pri:0, instance:com.tudresden.seleniumwebdriver.seleniumsamples.TestLocator@7fc2413d]" started-at="2021-03-29T00:39:38 CEST" name="tearDown" finished-at="2021-03-29T00:39:39 CEST" duration-ms="79" status="PASS">
          <reporter-output>
          </reporter-output>
        </test-method> <!-- tearDown -->
      </class> <!-- com.tudresden.seleniumwebdriver.seleniumsamples.TestLocator -->
    </test> <!-- Default test -->
  </suite> <!-- Default suite -->
</testng-results>
